<?xml version="1.0" encoding="UTF-8"?>
<!-- Generated by org.testng.reporters.JUnitReportReporter -->
<testsuite hostname="DESKTOP-4K9JEOA" failures="0" tests="1" name="Project1_Testcases.TC8_Sorting_Product" time="21.990" errors="0" timestamp="2024-05-08T17:27:21 IST" skipped="0">
  <testcase classname="Project1_Testcases.TC8_Sorting_Product" name="search_products_shoes" time="21.990"/>
</testsuite> <!-- Project1_Testcases.TC8_Sorting_Product -->
