<?xml version="1.0" encoding="UTF-8"?>
<!-- Generated by org.testng.reporters.JUnitReportReporter -->
<testsuite hostname="DESKTOP-4K9JEOA" failures="0" tests="1" name="Project1_Testcases.TC3_Unsuccessful_Login" time="20.790" errors="0" timestamp="2024-05-08T17:06:35 IST" skipped="0">
  <testcase classname="Project1_Testcases.TC3_Unsuccessful_Login" name="login" time="20.790"/>
</testsuite> <!-- Project1_Testcases.TC3_Unsuccessful_Login -->
