<?xml version="1.0" encoding="UTF-8"?>
<!-- Generated by org.testng.reporters.JUnitReportReporter -->
<testsuite hostname="DESKTOP-4K9JEOA" failures="0" tests="1" name="Project1_Testcases.TC12_Select_Each_Payment" time="49.511" errors="0" timestamp="2024-05-08T21:56:25 IST" skipped="0">
  <testcase classname="Project1_Testcases.TC12_Select_Each_Payment" name="checkout_process" time="49.511"/>
</testsuite> <!-- Project1_Testcases.TC12_Select_Each_Payment -->
