<?xml version="1.0" encoding="UTF-8"?>
<!-- Generated by org.testng.reporters.JUnitReportReporter -->
<testsuite hostname="DESKTOP-4K9JEOA" failures="0" tests="1" name="Project1_Testcases.TC6_Search_With_Filters" time="20.322" errors="0" timestamp="2024-05-08T17:23:28 IST" skipped="0">
  <testcase classname="Project1_Testcases.TC6_Search_With_Filters" name="search_products_shoes" time="20.322"/>
</testsuite> <!-- Project1_Testcases.TC6_Search_With_Filters -->
