<?xml version="1.0" encoding="UTF-8"?>
<!-- Generated by org.testng.reporters.JUnitReportReporter -->
<testsuite hostname="DESKTOP-4K9JEOA" failures="0" tests="1" name="Project1_Testcases.TC1_Register_NewUser" time="21.943" errors="0" timestamp="2024-05-08T17:02:56 IST" skipped="0">
  <testcase classname="Project1_Testcases.TC1_Register_NewUser" name="new_user_signup" time="21.943"/>
</testsuite> <!-- Project1_Testcases.TC1_Register_NewUser -->
