<?xml version="1.0" encoding="UTF-8"?>
<!-- Generated by org.testng.reporters.JUnitReportReporter -->
<testsuite hostname="DESKTOP-4K9JEOA" failures="0" tests="1" name="Project1_Testcases.TC13_Apply_Coupon_Code" time="50.820" errors="0" timestamp="2024-05-08T17:36:22 IST" skipped="0">
  <testcase classname="Project1_Testcases.TC13_Apply_Coupon_Code" name="coupon_code" time="50.820"/>
</testsuite> <!-- Project1_Testcases.TC13_Apply_Coupon_Code -->
