<?xml version="1.0" encoding="UTF-8"?>
<!-- Generated by org.testng.reporters.JUnitReportReporter -->
<testsuite hostname="DESKTOP-4K9JEOA" failures="0" tests="1" name="Project1_Testcases.TC15_CartPage_Without_Login" time="25.885" errors="0" timestamp="2024-05-08T17:49:05 IST" skipped="0">
  <testcase classname="Project1_Testcases.TC15_CartPage_Without_Login" name="without_login" time="25.885"/>
</testsuite> <!-- Project1_Testcases.TC15_CartPage_Without_Login -->
