<?xml version="1.0" encoding="UTF-8"?>
<!-- Generated by org.testng.reporters.JUnitReportReporter -->
<testsuite hostname="DESKTOP-4K9JEOA" failures="0" tests="1" name="Project1_Testcases.TC11_Checkout_Process" time="46.274" errors="0" timestamp="2024-05-08T17:31:58 IST" skipped="0">
  <testcase classname="Project1_Testcases.TC11_Checkout_Process" name="chechout_process" time="46.274"/>
</testsuite> <!-- Project1_Testcases.TC11_Checkout_Process -->
