<?xml version="1.0" encoding="UTF-8"?>
<!-- Generated by org.testng.reporters.JUnitReportReporter -->
<testsuite hostname="DESKTOP-4K9JEOA" failures="0" tests="1" name="Project1_Testcases.TC9_Add_To_ShoppingCart" time="39.084" errors="0" timestamp="2024-05-08T17:29:19 IST" skipped="0">
  <testcase classname="Project1_Testcases.TC9_Add_To_ShoppingCart" name="search_products_shoes" time="39.084"/>
</testsuite> <!-- Project1_Testcases.TC9_Add_To_ShoppingCart -->
