<?xml version="1.0" encoding="UTF-8"?>
<!-- Generated by org.testng.reporters.JUnitReportReporter -->
<testsuite hostname="DESKTOP-4K9JEOA" failures="0" tests="1" name="Project1_Testcases.TC7_Product_Details" time="26.636" errors="0" timestamp="2024-05-08T17:24:48 IST" skipped="0">
  <testcase classname="Project1_Testcases.TC7_Product_Details" name="search_products_shoes" time="26.636"/>
</testsuite> <!-- Project1_Testcases.TC7_Product_Details -->
