<?xml version="1.0" encoding="UTF-8"?>
<!-- Generated by org.testng.reporters.JUnitReportReporter -->
<testsuite hostname="DESKTOP-4K9JEOA" failures="0" tests="1" name="Project1_Testcases.TC2_Successful_Login" time="20.320" errors="0" timestamp="2024-05-08T17:04:27 IST" skipped="0">
  <testcase classname="Project1_Testcases.TC2_Successful_Login" name="login" time="20.320"/>
</testsuite> <!-- Project1_Testcases.TC2_Successful_Login -->
