<?xml version="1.0" encoding="UTF-8"?>
<!-- Generated by org.testng.reporters.JUnitReportReporter -->
<testsuite hostname="DESKTOP-4K9JEOA" failures="0" tests="1" name="Project1_Testcases.TC4_Edit_Profile" time="23.109" errors="0" timestamp="2024-05-08T17:19:40 IST" skipped="0">
  <testcase classname="Project1_Testcases.TC4_Edit_Profile" name="login" time="23.109"/>
</testsuite> <!-- Project1_Testcases.TC4_Edit_Profile -->
