<?xml version="1.0" encoding="UTF-8"?>
<!-- Generated by org.testng.reporters.JUnitReportReporter -->
<testsuite hostname="DESKTOP-4K9JEOA" failures="0" tests="1" name="Project1_Testcases.TC5_Search_Product" time="17.401" errors="0" timestamp="2024-05-08T17:08:54 IST" skipped="0">
  <testcase classname="Project1_Testcases.TC5_Search_Product" name="search_products_shoes" time="17.401"/>
</testsuite> <!-- Project1_Testcases.TC5_Search_Product -->
