<?xml version="1.0" encoding="UTF-8"?>
<!-- Generated by org.testng.reporters.JUnitReportReporter -->
<testsuite hostname="DESKTOP-4K9JEOA" failures="0" tests="1" name="Project1_Testcases.TC10_Update_Cart_Quantity" time="35.301" errors="0" timestamp="2024-05-08T17:30:22 IST" skipped="0">
  <testcase classname="Project1_Testcases.TC10_Update_Cart_Quantity" name="cart_update" time="35.301"/>
</testsuite> <!-- Project1_Testcases.TC10_Update_Cart_Quantity -->
