<?xml version="1.0" encoding="UTF-8"?>
<!-- Generated by org.testng.reporters.JUnitReportReporter -->
<testsuite hostname="DESKTOP-4K9JEOA" failures="0" tests="1" name="Project1_Testcases.TC14_5_Star_Rating" time="28.139" errors="0" timestamp="2024-05-09T14:58:51 IST" skipped="0">
  <testcase classname="Project1_Testcases.TC14_5_Star_Rating" name="rating_5star" time="28.139"/>
</testsuite> <!-- Project1_Testcases.TC14_5_Star_Rating -->
